<?xml version="1.0" encoding="UTF-8"?>
<testng-results skipped="0" failed="0" ignored="0" total="1" passed="1">
  <reporter-output>
  </reporter-output>
  <suite name="com.app.tests.MavenTest" duration-ms="74" started-at="2018-04-04T05:38:06Z" finished-at="2018-04-04T05:38:06Z">
    <groups>
    </groups>
    <test name="Command line test" duration-ms="74" started-at="2018-04-04T05:38:06Z" finished-at="2018-04-04T05:38:06Z">
      <class name="com.app.tests.MavenTest">
        <test-method status="PASS" signature="testSample()[pri:0, instance:com.app.tests.MavenTest@13969fbe]" name="testSample" duration-ms="14" started-at="2018-04-04T05:38:06Z" finished-at="2018-04-04T05:38:06Z">
          <reporter-output>
          </reporter-output>
        </test-method> <!-- testSample -->
      </class> <!-- com.app.tests.MavenTest -->
    </test> <!-- Command line test -->
  </suite> <!-- com.app.tests.MavenTest -->
</testng-results>
